{"message": "", "type": "Serial dut0_monitor", "id": 20, "timestamp": 1701945041.5573711, "data": "aa013c00000000d143ef104c3102040000000000000000000000000000000000000000000000000000000080361000b1602500000000000300000000000000ebeb55"}
{"message": "", "type": "Serial dut0_monitor", "id": 19, "timestamp": 1701945056.559819, "event": "Serial Timeout"}
{"message": "", "type": "Serial dut0_monitor", "id": 20, "timestamp": 1701945061.1495526, "data": "\u0000"}
{"message": "", "type": "Serial dut0_monitor", "id": 20, "timestamp": 1701945070.9568202, "data": "\u0000\u0000"}
{"message": "", "type": "Serial dut0_monitor", "id": 20, "timestamp": 1701945076.8673854, "data": "aa013c00000000ec43ef10da2001020000000000000000000000000000000000000000000000000000000080361000b160250000000000030000000000000034a955"}
{"message": "", "type": "Serial dut0_monitor", "id": 20, "timestamp": 1701945082.5618763, "data": "aa013c00000000d143ef104c3102040000000000000000000000000000000000000000000000000000000080361000b1602500000000000300000000000000ebeb55"}
{"message": "", "type": "Serial dut0_monitor", "id": 20, "timestamp": 1701945093.9583685, "data": "\u0000\u0000\u0000\u0000\u0000\u0000\u0000\u0000\u0000\u0000\u0000\u0000\u0000\u0000\u0000\u0000\u0000\u0000\u0000\u0000\u0000"}
{"message": "", "type": "Serial dut0_monitor", "id": 20, "timestamp": 1701945099.6607583, "data": "aa013c00000000d843ef10a262050a0000000000000000000000000000000000000000000000000000000080361000b1602500000000000300000000000000367755"}
{"message": "", "type": "Serial dut0_monitor", "id": 20, "timestamp": 1701945105.355996, "data": "aa013c00000000e043ef101473060c0000000000000000000000000000000000000000000000000000000080361000b1602500000000000300000000000000262055"}
{"message": "", "type": "Serial dut0_monitor", "id": 20, "timestamp": 1701945111.056379, "data": "aa013c00000000dd43ef108683070e0000000000000000000000000000000000000000000000000000000080361000b16025000000000003000000000000009d1655"}
{"message": "", "type": "Serial dut0_monitor", "id": 19, "timestamp": 1701945123.0573328, "event": "Serial Timeout"}
{"message": "", "type": "Serial dut0_monitor", "id": 20, "timestamp": 1701945137.9631388, "data": "\u0000\u0000"}
{"message": "", "type": "Serial dut0_monitor", "id": 20, "timestamp": 1701945144.1622741, "data": "\u0000"}
{"message": "", "type": "Serial dut0_monitor", "id": 19, "timestamp": 1701945156.1622858, "event": "Serial Timeout"}
{"message": "", "type": "Serial dut0_monitor", "id": 20, "timestamp": 1701945170.9729466, "data": "\u0000\u0000"}
{"message": "", "type": "Serial dut0_monitor", "id": 19, "timestamp": 1701945186.1840234, "event": "Serial Timeout"}
{"message": "", "type": "Serial dut0_monitor", "id": 20, "timestamp": 1701945200.969796, "data": "\u0000\u0000"}
{"message": "", "type": "Serial dut0_monitor", "id": 20, "timestamp": 1701945204.1591606, "data": "\u0000"}
{"message": "", "type": "Serial dut0_monitor", "id": 19, "timestamp": 1701945216.2057557, "event": "Serial Timeout"}
{"message": "", "type": "Serial dut0_monitor", "id": 20, "timestamp": 1701945221.1637504, "data": "aa013c00000000ec43ef10da2001020000000000000000000000000000000000000000000000000000000080361000b160250000000000030000000000000034a95500"}
{"message": "", "type": "Serial dut0_monitor", "id": 19, "timestamp": 1701945246.2281265, "event": "Serial Timeout"}
